<?xml version="1.0" encoding="UTF-8"?>
<testsuite name="com.lhwdev.ktui.Test" tests="1" skipped="0" failures="0" errors="0" timestamp="2020-05-20T02:16:20" hostname="DESKTOP-KH4NQ33" time="10.131">
  <properties/>
  <testcase name="test compiler" classname="com.lhwdev.ktui.Test" time="10.131"/>
  <system-out><![CDATA[[C:\Users\LHW\.gradle\wrapper\dists\gradle-6.1.1-all\cfmwm155h49vnt3hynmlrsdst\gradle-6.1.1\lib\gradle-core-api-6.1.1.jar, C:\Users\LHW\.gradle\wrapper\dists\gradle-6.1.1-all\cfmwm155h49vnt3hynmlrsdst\gradle-6.1.1\lib\gradle-worker-processes-6.1.1.jar, C:\Users\LHW\.gradle\wrapper\dists\gradle-6.1.1-all\cfmwm155h49vnt3hynmlrsdst\gradle-6.1.1\lib\gradle-core-6.1.1.jar, C:\Users\LHW\.gradle\wrapper\dists\gradle-6.1.1-all\cfmwm155h49vnt3hynmlrsdst\gradle-6.1.1\lib\gradle-logging-6.1.1.jar, C:\Users\LHW\.gradle\wrapper\dists\gradle-6.1.1-all\cfmwm155h49vnt3hynmlrsdst\gradle-6.1.1\lib\gradle-messaging-6.1.1.jar, C:\Users\LHW\.gradle\wrapper\dists\gradle-6.1.1-all\cfmwm155h49vnt3hynmlrsdst\gradle-6.1.1\lib\gradle-files-6.1.1.jar, C:\Users\LHW\.gradle\wrapper\dists\gradle-6.1.1-all\cfmwm155h49vnt3hynmlrsdst\gradle-6.1.1\lib\gradle-hashing-6.1.1.jar, C:\Users\LHW\.gradle\wrapper\dists\gradle-6.1.1-all\cfmwm155h49vnt3hynmlrsdst\gradle-6.1.1\lib\gradle-base-services-6.1.1.jar, C:\Users\LHW\.gradle\wrapper\dists\gradle-6.1.1-all\cfmwm155h49vnt3hynmlrsdst\gradle-6.1.1\lib\gradle-cli-6.1.1.jar, C:\Users\LHW\.gradle\wrapper\dists\gradle-6.1.1-all\cfmwm155h49vnt3hynmlrsdst\gradle-6.1.1\lib\gradle-native-6.1.1.jar, C:\Users\LHW\.gradle\wrapper\dists\gradle-6.1.1-all\cfmwm155h49vnt3hynmlrsdst\gradle-6.1.1\lib\plugins\gradle-testing-base-6.1.1.jar, C:\Users\LHW\.gradle\wrapper\dists\gradle-6.1.1-all\cfmwm155h49vnt3hynmlrsdst\gradle-6.1.1\lib\plugins\gradle-testing-jvm-6.1.1.jar, C:\Users\LHW\.gradle\wrapper\dists\gradle-6.1.1-all\cfmwm155h49vnt3hynmlrsdst\gradle-6.1.1\lib\plugins\gradle-testing-junit-platform-6.1.1.jar, C:\Users\LHW\.gradle\wrapper\dists\gradle-6.1.1-all\cfmwm155h49vnt3hynmlrsdst\gradle-6.1.1\lib\plugins\junit-platform-engine-1.3.1.jar, C:\Users\LHW\.gradle\wrapper\dists\gradle-6.1.1-all\cfmwm155h49vnt3hynmlrsdst\gradle-6.1.1\lib\plugins\junit-platform-launcher-1.3.1.jar, C:\Users\LHW\.gradle\wrapper\dists\gradle-6.1.1-all\cfmwm155h49vnt3hynmlrsdst\gradle-6.1.1\lib\plugins\junit-platform-commons-1.3.1.jar, C:\Users\LHW\.gradle\wrapper\dists\gradle-6.1.1-all\cfmwm155h49vnt3hynmlrsdst\gradle-6.1.1\lib\gradle-process-services-6.1.1.jar, C:\Users\LHW\.gradle\wrapper\dists\gradle-6.1.1-all\cfmwm155h49vnt3hynmlrsdst\gradle-6.1.1\lib\slf4j-api-1.7.28.jar, C:\Users\LHW\.gradle\wrapper\dists\gradle-6.1.1-all\cfmwm155h49vnt3hynmlrsdst\gradle-6.1.1\lib\jul-to-slf4j-1.7.28.jar, C:\Users\LHW\.gradle\wrapper\dists\gradle-6.1.1-all\cfmwm155h49vnt3hynmlrsdst\gradle-6.1.1\lib\native-platform-0.19.jar, C:\Users\LHW\.gradle\wrapper\dists\gradle-6.1.1-all\cfmwm155h49vnt3hynmlrsdst\gradle-6.1.1\lib\kryo-2.24.0.jar, C:\Users\LHW\.gradle\wrapper\dists\gradle-6.1.1-all\cfmwm155h49vnt3hynmlrsdst\gradle-6.1.1\lib\commons-lang-2.6.jar, C:\Users\LHW\.gradle\wrapper\dists\gradle-6.1.1-all\cfmwm155h49vnt3hynmlrsdst\gradle-6.1.1\lib\plugins\junit-4.12.jar, C:\Users\LHW\.gradle\caches\6.1.1\workerMain\gradle-worker.jar, D:\LHW\asm\app\new\com.asmx.core\ui\kotlin-compile-test\build\classes\kotlin\test, D:\LHW\asm\app\new\com.asmx.core\ui\kotlin-compile-test\build\tmp\kapt3\classes\test, D:\LHW\asm\app\new\com.asmx.core\ui\kotlin-compile-test\build\resources\test, D:\LHW\asm\app\new\com.asmx.core\ui\kotlin-compile-test\build\tmp\kapt3\classes\main, C:\Users\LHW\.gradle\caches\modules-2\files-2.1\org.jetbrains.kotlin\kotlin-stdlib-jdk8\1.4-M1\916ef15dd17b0c0a9b3bf60d968b5d10e57eb6d1\kotlin-stdlib-jdk8-1.4-M1.jar, C:\Users\LHW\.gradle\caches\modules-2\files-2.1\org.jetbrains.kotlin\kotlin-compiler-embeddable\1.4-M1\cbd9bd97621a46772e99b3ee215eb98925bc9572\kotlin-compiler-embeddable-1.4-M1.jar, C:\Users\LHW\.gradle\caches\modules-2\files-2.1\org.jetbrains.kotlin\kotlin-gradle-plugin-api\1.4-M1\46bfbc43f80c5e41c439484598d25482ceb66349\kotlin-gradle-plugin-api-1.4-M1.jar, C:\Users\LHW\.gradle\caches\modules-2\files-2.1\org.jetbrains.kotlin\kotlin-test-junit\1.4-M1\614be850ab856252c629dfccc3a4719bb7d20a6c\kotlin-test-junit-1.4-M1.jar, C:\Users\LHW\.gradle\caches\modules-2\files-2.1\org.jetbrains.kotlin\kotlin-test\1.4-M1\b7f7ed3dc37c74b2ff5575b052c8285af423384f\kotlin-test-1.4-M1.jar, C:\Users\LHW\.gradle\caches\modules-2\files-2.1\io.mockk\mockk\1.9.3\d26e5a4a7fd4ecb5635b28a0b70960ab0b20556d\mockk-1.9.3.jar, C:\Users\LHW\.gradle\caches\modules-2\files-2.1\io.github.classgraph\classgraph\4.8.63\3e0f26113ae2cf73680c4f23b696c1be72af8b9c\classgraph-4.8.63.jar, C:\Users\LHW\.gradle\caches\modules-2\files-2.1\io.mockk\mockk-agent-jvm\1.9.3\d6f7b4d893caf1cda2bb28ee637b247ced5d5eab\mockk-agent-jvm-1.9.3.jar, C:\Users\LHW\.gradle\caches\modules-2\files-2.1\net.bytebuddy\byte-buddy\1.10.6\1a745b7ef012ea7b96d7d6f1fae5afac11fcee3d\byte-buddy-1.10.6.jar, C:\Users\LHW\.gradle\caches\modules-2\files-2.1\org.jetbrains.kotlin\kotlin-stdlib-jdk7\1.4-M1\c5c801d447ea3c7ba2bccb86dbd61a5d2a3e71b9\kotlin-stdlib-jdk7-1.4-M1.jar, C:\Users\LHW\.gradle\caches\modules-2\files-2.1\io.mockk\mockk-dsl-jvm\1.9.3\63de994ae1f30b06395325258d2e5683a8bdd525\mockk-dsl-jvm-1.9.3.jar, C:\Users\LHW\.gradle\caches\modules-2\files-2.1\org.jetbrains.kotlin\kotlin-reflect\1.4-M1\708f59c67c562a15464dc98a457bdffb16ccdef\kotlin-reflect-1.4-M1.jar, C:\Users\LHW\.gradle\caches\modules-2\files-2.1\org.jetbrains.kotlin\kotlin-native-utils\1.4-M1\9999b9d1da313aa7bb4cc7a147c8a1f184b3a156\kotlin-native-utils-1.4-M1.jar, C:\Users\LHW\.gradle\caches\modules-2\files-2.1\org.jetbrains.kotlin\kotlin-util-io\1.4-M1\1a347fcaecaa4194f78a91bf67377eaf2f4de9c6\kotlin-util-io-1.4-M1.jar, C:\Users\LHW\.gradle\caches\modules-2\files-2.1\org.jetbrains.kotlin\kotlin-stdlib\1.4-M1\1bd127486717887634cc406a5651bd6090f11678\kotlin-stdlib-1.4-M1.jar, C:\Users\LHW\.gradle\caches\modules-2\files-2.1\org.jetbrains.kotlin\kotlin-script-runtime\1.4-M1\e27ba4dd9ba68392f645771ae15e18fffd45944a\kotlin-script-runtime-1.4-M1.jar, C:\Users\LHW\.gradle\caches\modules-2\files-2.1\org.jetbrains.kotlin\kotlin-daemon-embeddable\1.4-M1\63a14f29e5a306debd2dc2cfe9731e64cefa7c89\kotlin-daemon-embeddable-1.4-M1.jar, C:\Users\LHW\.gradle\caches\modules-2\files-2.1\org.jetbrains.intellij.deps\trove4j\1.0.20181211\216c2e14b070f334479d800987affe4054cd563f\trove4j-1.0.20181211.jar, C:\Users\LHW\.gradle\caches\modules-2\files-2.1\org.jetbrains.kotlin\kotlin-test-common\1.4-M1\73cc25efdfb3736d7f13e20cd4e886e6c6164c84\kotlin-test-common-1.4-M1.jar, C:\Users\LHW\.gradle\caches\modules-2\files-2.1\org.jetbrains.kotlin\kotlin-test-annotations-common\1.4-M1\7cbffc24a65c993d6b1e4d8e29b0e6bb460dc827\kotlin-test-annotations-common-1.4-M1.jar, C:\Users\LHW\.gradle\caches\modules-2\files-2.1\junit\junit\4.12\2973d150c0dc1fefe998f834810d68f278ea58ec\junit-4.12.jar, C:\Users\LHW\.gradle\caches\modules-2\files-2.1\io.mockk\mockk-common\1.9.3\7f2d6bc3390a76edeba34947e0de6d2314645f25\mockk-common-1.9.3.jar, C:\Users\LHW\.gradle\caches\modules-2\files-2.1\org.jetbrains.kotlin\kotlin-stdlib-common\1.4-M1\18b564b5b182481143f441f1b99cc2d11fc3f9a4\kotlin-stdlib-common-1.4-M1.jar, C:\Users\LHW\.gradle\caches\modules-2\files-2.1\org.jetbrains\annotations\13.0\919f0dfe192fb4e063e7dacadee7f8bb9a2672a9\annotations-13.0.jar, C:\Users\LHW\.gradle\caches\modules-2\files-2.1\org.hamcrest\hamcrest-core\1.3\42a25dc3219429f0e5d060061f71acb49bf010a0\hamcrest-core-1.3.jar, C:\Users\LHW\.gradle\caches\modules-2\files-2.1\io.mockk\mockk-dsl\1.9.3\4f158b4ed161bc4373356733088e09491ecd13da\mockk-dsl-1.9.3.jar, C:\Users\LHW\.gradle\caches\modules-2\files-2.1\io.mockk\mockk-agent-common\1.9.3\50f32c350cb9018a62e6de2bed710acf675f887b\mockk-agent-common-1.9.3.jar, C:\Users\LHW\.gradle\caches\modules-2\files-2.1\io.mockk\mockk-agent-api\1.9.3\467c1fd4867fc49b98a7de421a717b619767abfe\mockk-agent-api-1.9.3.jar, C:\Users\LHW\.gradle\caches\modules-2\files-2.1\org.objenesis\objenesis\3.0.1\11cfac598df9dc48bb9ed9357ed04212694b7808\objenesis-3.0.1.jar, C:\Users\LHW\.gradle\caches\modules-2\files-2.1\net.bytebuddy\byte-buddy-agent\1.9.10\9674aba5ee793e54b864952b001166848da0f26b\byte-buddy-agent-1.9.10.jar]
?[0;37m[KT] Using Kotlin home directory <no_path>?[0m
?[0;37m[KT] Scripting plugin will not be loaded: not all required jars are present in the classpath (missing files: [.\kotlin-scripting-compiler.jar, .\kotlin-scripting-compiler-impl.jar, .\kotlin-scripting-common.jar, .\kotlin-scripting-jvm.jar, .\kotlin-scripting-js.jar, .\js.engines.jar])?[0m
?[0;37m[KT] Configuring the compilation environment?[0m
?[0;37m[KT] Loading modules: [java.se, jdk.accessibility, jdk.attach, jdk.compiler, jdk.dynalink, jdk.httpserver, jdk.jartool, jdk.javadoc, jdk.jconsole, jdk.jdi, jdk.jfr, jdk.jshell, jdk.jsobject, jdk.management, jdk.management.jfr, jdk.net, jdk.scripting.nashorn, jdk.sctp, jdk.security.auth, jdk.security.jgss, jdk.unsupported, jdk.unsupported.desktop, jdk.xml.dom, java.base, java.compiler, java.datatransfer, java.desktop, java.xml, java.instrument, java.logging, java.management, java.management.rmi, java.rmi, java.naming, java.net.http, java.prefs, java.scripting, java.security.jgss, java.security.sasl, java.sql, java.transaction.xa, java.sql.rowset, java.xml.crypto, jdk.internal.jvmstat, jdk.management.agent, jdk.jdwp.agent, jdk.internal.ed, jdk.internal.le, jdk.internal.opt]?[0m
MODULE_FRAGMENT name:<main>
  FILE fqName:com.lhwdev.ktui fileName:D:/LHW/asm/app/new/com.asmx.core/ui/test/src/main/kotlin/com/lhwdev/ktui/BuildScope.kt
    CLASS CLASS name:BuildScope modality:FINAL visibility:public superTypes:[<unbound IrClassPublicSymbolImpl>]
      $this: VALUE_PARAMETER INSTANCE_RECEIVER name:<this> type:com.lhwdev.ktui.BuildScope
      CONSTRUCTOR visibility:public <> () returnType:com.lhwdev.ktui.BuildScope [primary]
        BLOCK_BODY
          DELEGATING_CONSTRUCTOR_CALL 'UNBOUND IrConstructorPublicSymbolImpl'
          INSTANCE_INITIALIZER_CALL classDescriptor='CLASS CLASS name:BuildScope modality:FINAL visibility:public superTypes:[<unbound IrClassPublicSymbolImpl>]'
      FUN name:start visibility:public modality:FINAL <> ($this:com.lhwdev.ktui.BuildScope, idState:<unbound IrClassPublicSymbolImpl>, attrs:<unbound IrClassPublicSymbolImpl><<unbound IrClassPublicSymbolImpl>?>, keyIndex:<unbound IrClassPublicSymbolImpl>) returnType:<unbound IrClassPublicSymbolImpl>
        $this: VALUE_PARAMETER name:<this> type:com.lhwdev.ktui.BuildScope
        VALUE_PARAMETER name:idState index:0 type:<unbound IrClassPublicSymbolImpl>
        VALUE_PARAMETER name:attrs index:1 type:<unbound IrClassPublicSymbolImpl><<unbound IrClassPublicSymbolImpl>?>
        VALUE_PARAMETER name:keyIndex index:2 type:<unbound IrClassPublicSymbolImpl>
        BLOCK_BODY
          CALL 'UNBOUND IrSimpleFunctionPublicSymbolImpl' type=<unbound IrClassPublicSymbolImpl> origin=null
      FUN name:end visibility:public modality:FINAL <> ($this:com.lhwdev.ktui.BuildScope) returnType:<unbound IrClassPublicSymbolImpl>
        $this: VALUE_PARAMETER name:<this> type:com.lhwdev.ktui.BuildScope
        BLOCK_BODY
          CALL 'UNBOUND IrSimpleFunctionPublicSymbolImpl' type=<unbound IrClassPublicSymbolImpl> origin=null
      FUN name:startExpr visibility:public modality:FINAL <> ($this:com.lhwdev.ktui.BuildScope, id:<unbound IrClassPublicSymbolImpl>) returnType:<unbound IrClassPublicSymbolImpl>
        $this: VALUE_PARAMETER name:<this> type:com.lhwdev.ktui.BuildScope
        VALUE_PARAMETER name:id index:0 type:<unbound IrClassPublicSymbolImpl>
        BLOCK_BODY
          CALL 'UNBOUND IrSimpleFunctionPublicSymbolImpl' type=<unbound IrClassPublicSymbolImpl> origin=null
      FUN name:endExpr visibility:public modality:FINAL <> ($this:com.lhwdev.ktui.BuildScope) returnType:<unbound IrClassPublicSymbolImpl>
        $this: VALUE_PARAMETER name:<this> type:com.lhwdev.ktui.BuildScope
        BLOCK_BODY
          CALL 'UNBOUND IrSimpleFunctionPublicSymbolImpl' type=<unbound IrClassPublicSymbolImpl> origin=null
      FUN FAKE_OVERRIDE name:equals visibility:public modality:OPEN <> ($this:<unbound IrClassPublicSymbolImpl>, other:<unbound IrClassPublicSymbolImpl>?) returnType:<unbound IrClassPublicSymbolImpl> [fake_override,operator]
        overridden:
          UNBOUND IrSimpleFunctionPublicSymbolImpl
        $this: VALUE_PARAMETER name:<this> type:<unbound IrClassPublicSymbolImpl>
        VALUE_PARAMETER name:other index:0 type:<unbound IrClassPublicSymbolImpl>?
      FUN FAKE_OVERRIDE name:hashCode visibility:public modality:OPEN <> ($this:<unbound IrClassPublicSymbolImpl>) returnType:<unbound IrClassPublicSymbolImpl> [fake_override]
        overridden:
          UNBOUND IrSimpleFunctionPublicSymbolImpl
        $this: VALUE_PARAMETER name:<this> type:<unbound IrClassPublicSymbolImpl>
      FUN FAKE_OVERRIDE name:toString visibility:public modality:OPEN <> ($this:<unbound IrClassPublicSymbolImpl>) returnType:<unbound IrClassPublicSymbolImpl> [fake_override]
        overridden:
          UNBOUND IrSimpleFunctionPublicSymbolImpl
        $this: VALUE_PARAMETER name:<this> type:<unbound IrClassPublicSymbolImpl>
  FILE fqName:com.lhwdev.ktui fileName:D:/LHW/asm/app/new/com.asmx.core/ui/test/src/main/kotlin/com/lhwdev/ktui/Key.kt
    CLASS ANNOTATION_CLASS name:Key modality:FINAL visibility:public superTypes:[<unbound IrClassPublicSymbolImpl>]
      annotations:
        <unbound>(1 = [GET_ENUM 'UNBOUND IrEnumEntryPublicSymbolImpl' type=<unbound IrClassPublicSymbolImpl>])
        <unbound>(1 = GET_ENUM 'UNBOUND IrEnumEntryPublicSymbolImpl' type=<unbound IrClassPublicSymbolImpl>)
      $this: VALUE_PARAMETER INSTANCE_RECEIVER name:<this> type:com.lhwdev.ktui.Key
      CONSTRUCTOR visibility:public <> () returnType:com.lhwdev.ktui.Key [primary]
      FUN FAKE_OVERRIDE name:equals visibility:public modality:OPEN <> ($this:<unbound IrClassPublicSymbolImpl>, other:<unbound IrClassPublicSymbolImpl>?) returnType:<unbound IrClassPublicSymbolImpl> [fake_override,operator]
        overridden:
          UNBOUND IrSimpleFunctionPublicSymbolImpl
        $this: VALUE_PARAMETER name:<this> type:<unbound IrClassPublicSymbolImpl>
        VALUE_PARAMETER name:other index:0 type:<unbound IrClassPublicSymbolImpl>?
      FUN FAKE_OVERRIDE name:hashCode visibility:public modality:OPEN <> ($this:<unbound IrClassPublicSymbolImpl>) returnType:<unbound IrClassPublicSymbolImpl> [fake_override]
        overridden:
          UNBOUND IrSimpleFunctionPublicSymbolImpl
        $this: VALUE_PARAMETER name:<this> type:<unbound IrClassPublicSymbolImpl>
      FUN FAKE_OVERRIDE name:toString visibility:public modality:OPEN <> ($this:<unbound IrClassPublicSymbolImpl>) returnType:<unbound IrClassPublicSymbolImpl> [fake_override]
        overridden:
          UNBOUND IrSimpleFunctionPublicSymbolImpl
        $this: VALUE_PARAMETER name:<this> type:<unbound IrClassPublicSymbolImpl>
  FILE fqName:com.lhwdev.ktui fileName:D:/LHW/asm/app/new/com.asmx.core/ui/test/src/main/kotlin/com/lhwdev/ktui/Widget.kt
    CLASS ANNOTATION_CLASS name:Widget modality:FINAL visibility:public superTypes:[<unbound IrClassPublicSymbolImpl>]
      annotations:
        <unbound>(1 = [GET_ENUM 'UNBOUND IrEnumEntryPublicSymbolImpl' type=<unbound IrClassPublicSymbolImpl>, GET_ENUM 'UNBOUND IrEnumEntryPublicSymbolImpl' type=<unbound IrClassPublicSymbolImpl>, GET_ENUM 'UNBOUND IrEnumEntryPublicSymbolImpl' type=<unbound IrClassPublicSymbolImpl>])
        <unbound>(1 = GET_ENUM 'UNBOUND IrEnumEntryPublicSymbolImpl' type=<unbound IrClassPublicSymbolImpl>)
      $this: VALUE_PARAMETER INSTANCE_RECEIVER name:<this> type:com.lhwdev.ktui.Widget
      CONSTRUCTOR visibility:public <> () returnType:com.lhwdev.ktui.Widget [primary]
      FUN FAKE_OVERRIDE name:equals visibility:public modality:OPEN <> ($this:<unbound IrClassPublicSymbolImpl>, other:<unbound IrClassPublicSymbolImpl>?) returnType:<unbound IrClassPublicSymbolImpl> [fake_override,operator]
        overridden:
          UNBOUND IrSimpleFunctionPublicSymbolImpl
        $this: VALUE_PARAMETER name:<this> type:<unbound IrClassPublicSymbolImpl>
        VALUE_PARAMETER name:other index:0 type:<unbound IrClassPublicSymbolImpl>?
      FUN FAKE_OVERRIDE name:hashCode visibility:public modality:OPEN <> ($this:<unbound IrClassPublicSymbolImpl>) returnType:<unbound IrClassPublicSymbolImpl> [fake_override]
        overridden:
          UNBOUND IrSimpleFunctionPublicSymbolImpl
        $this: VALUE_PARAMETER name:<this> type:<unbound IrClassPublicSymbolImpl>
      FUN FAKE_OVERRIDE name:toString visibility:public modality:OPEN <> ($this:<unbound IrClassPublicSymbolImpl>) returnType:<unbound IrClassPublicSymbolImpl> [fake_override]
        overridden:
          UNBOUND IrSimpleFunctionPublicSymbolImpl
        $this: VALUE_PARAMETER name:<this> type:<unbound IrClassPublicSymbolImpl>
  FILE fqName:com.lhwdev.ktui fileName:D:/LHW/asm/app/new/com.asmx.core/ui/test/src/main/kotlin/com/lhwdev/ktui/WidgetUtil.kt
    CLASS ANNOTATION_CLASS name:WidgetUtil modality:FINAL visibility:public superTypes:[<unbound IrClassPublicSymbolImpl>]
      annotations:
        <unbound>(1 = [GET_ENUM 'UNBOUND IrEnumEntryPublicSymbolImpl' type=<unbound IrClassPublicSymbolImpl>, GET_ENUM 'UNBOUND IrEnumEntryPublicSymbolImpl' type=<unbound IrClassPublicSymbolImpl>])
        <unbound>(1 = GET_ENUM 'UNBOUND IrEnumEntryPublicSymbolImpl' type=<unbound IrClassPublicSymbolImpl>)
      $this: VALUE_PARAMETER INSTANCE_RECEIVER name:<this> type:com.lhwdev.ktui.WidgetUtil
      CONSTRUCTOR visibility:public <> () returnType:com.lhwdev.ktui.WidgetUtil [primary]
      FUN FAKE_OVERRIDE name:equals visibility:public modality:OPEN <> ($this:<unbound IrClassPublicSymbolImpl>, other:<unbound IrClassPublicSymbolImpl>?) returnType:<unbound IrClassPublicSymbolImpl> [fake_override,operator]
        overridden:
          UNBOUND IrSimpleFunctionPublicSymbolImpl
        $this: VALUE_PARAMETER name:<this> type:<unbound IrClassPublicSymbolImpl>
        VALUE_PARAMETER name:other index:0 type:<unbound IrClassPublicSymbolImpl>?
      FUN FAKE_OVERRIDE name:hashCode visibility:public modality:OPEN <> ($this:<unbound IrClassPublicSymbolImpl>) returnType:<unbound IrClassPublicSymbolImpl> [fake_override]
        overridden:
          UNBOUND IrSimpleFunctionPublicSymbolImpl
        $this: VALUE_PARAMETER name:<this> type:<unbound IrClassPublicSymbolImpl>
      FUN FAKE_OVERRIDE name:toString visibility:public modality:OPEN <> ($this:<unbound IrClassPublicSymbolImpl>) returnType:<unbound IrClassPublicSymbolImpl> [fake_override]
        overridden:
          UNBOUND IrSimpleFunctionPublicSymbolImpl
        $this: VALUE_PARAMETER name:<this> type:<unbound IrClassPublicSymbolImpl>
  FILE fqName:com.lhwdev.ktui fileName:D:/LHW/asm/app/new/com.asmx.core/ui/test/src/main/kotlin/com/lhwdev/ktui/bridge.kt
    annotations:
      <unbound>(1 = ['NOTHING_TO_INLINE', 'unused', 'UNUSED_PARAMETER'])
    FUN name:currentScope visibility:public modality:FINAL <> () returnType:com.lhwdev.ktui.BuildScope [inline]
      annotations:
        WidgetUtil
      BLOCK_BODY
        CALL 'UNBOUND IrSimpleFunctionPublicSymbolImpl' type=<unbound IrClassPublicSymbolImpl> origin=null
          1: CONST String type=<unbound IrClassPublicSymbolImpl> value="Implemented in the compiler plugin"
    FUN name:nextId visibility:public modality:FINAL <> () returnType:<unbound IrClassPublicSymbolImpl>
      annotations:
        Widget
      BLOCK_BODY
        CALL 'UNBOUND IrSimpleFunctionPublicSymbolImpl' type=<unbound IrClassPublicSymbolImpl> origin=null
          1: CONST String type=<unbound IrClassPublicSymbolImpl> value="Implemented in the compiler plugin"
    FUN name:bridgeCall visibility:public modality:FINAL <> ($receiver:com.lhwdev.ktui.BuildScope, widget:@[Widget] <unbound IrClassPublicSymbolImpl><<unbound IrClassPublicSymbolImpl>>) returnType:<unbound IrClassPublicSymbolImpl>
      $receiver: VALUE_PARAMETER name:<this> type:com.lhwdev.ktui.BuildScope
      VALUE_PARAMETER name:widget index:0 type:@[Widget] <unbound IrClassPublicSymbolImpl><<unbound IrClassPublicSymbolImpl>>
      BLOCK_BODY
        CALL 'UNBOUND IrSimpleFunctionPublicSymbolImpl' type=<unbound IrClassPublicSymbolImpl> origin=null
          1: CONST String type=<unbound IrClassPublicSymbolImpl> value="Implemented in the compiler plugin"
  FILE fqName:com.lhwdev.ktui fileName:D:/LHW/asm/app/new/com.asmx.core/ui/test/src/main/kotlin/com/lhwdev/ktui/inlineWidget.kt
    CLASS ANNOTATION_CLASS name:InlineWidget modality:FINAL visibility:public superTypes:[<unbound IrClassPublicSymbolImpl>]
      annotations:
        <unbound>(1 = [GET_ENUM 'UNBOUND IrEnumEntryPublicSymbolImpl' type=<unbound IrClassPublicSymbolImpl>, GET_ENUM 'UNBOUND IrEnumEntryPublicSymbolImpl' type=<unbound IrClassPublicSymbolImpl>, GET_ENUM 'UNBOUND IrEnumEntryPublicSymbolImpl' type=<unbound IrClassPublicSymbolImpl>])
        <unbound>(1 = GET_ENUM 'UNBOUND IrEnumEntryPublicSymbolImpl' type=<unbound IrClassPublicSymbolImpl>)
      $this: VALUE_PARAMETER INSTANCE_RECEIVER name:<this> type:com.lhwdev.ktui.InlineWidget
      CONSTRUCTOR visibility:public <> () returnType:com.lhwdev.ktui.InlineWidget [primary]
      FUN FAKE_OVERRIDE name:equals visibility:public modality:OPEN <> ($this:<unbound IrClassPublicSymbolImpl>, other:<unbound IrClassPublicSymbolImpl>?) returnType:<unbound IrClassPublicSymbolImpl> [fake_override,operator]
        overridden:
          UNBOUND IrSimpleFunctionPublicSymbolImpl
        $this: VALUE_PARAMETER name:<this> type:<unbound IrClassPublicSymbolImpl>
        VALUE_PARAMETER name:other index:0 type:<unbound IrClassPublicSymbolImpl>?
      FUN FAKE_OVERRIDE name:hashCode visibility:public modality:OPEN <> ($this:<unbound IrClassPublicSymbolImpl>) returnType:<unbound IrClassPublicSymbolImpl> [fake_override]
        overridden:
          UNBOUND IrSimpleFunctionPublicSymbolImpl
        $this: VALUE_PARAMETER name:<this> type:<unbound IrClassPublicSymbolImpl>
      FUN FAKE_OVERRIDE name:toString visibility:public modality:OPEN <> ($this:<unbound IrClassPublicSymbolImpl>) returnType:<unbound IrClassPublicSymbolImpl> [fake_override]
        overridden:
          UNBOUND IrSimpleFunctionPublicSymbolImpl
        $this: VALUE_PARAMETER name:<this> type:<unbound IrClassPublicSymbolImpl>
  FILE fqName:com.lhwdev.ktui fileName:D:/LHW/asm/app/new/com.asmx.core/ui/test/src/main/kotlin/com/lhwdev/ktui/stubs.kt
    CLASS CLASS name:Element modality:OPEN visibility:public superTypes:[<unbound IrClassPublicSymbolImpl>]
      $this: VALUE_PARAMETER INSTANCE_RECEIVER name:<this> type:com.lhwdev.ktui.Element
      CONSTRUCTOR visibility:public <> () returnType:com.lhwdev.ktui.Element [primary]
        BLOCK_BODY
          DELEGATING_CONSTRUCTOR_CALL 'UNBOUND IrConstructorPublicSymbolImpl'
          INSTANCE_INITIALIZER_CALL classDescriptor='CLASS CLASS name:Element modality:OPEN visibility:public superTypes:[<unbound IrClassPublicSymbolImpl>]'
      FUN FAKE_OVERRIDE name:equals visibility:public modality:OPEN <> ($this:<unbound IrClassPublicSymbolImpl>, other:<unbound IrClassPublicSymbolImpl>?) returnType:<unbound IrClassPublicSymbolImpl> [fake_override,operator]
        overridden:
          UNBOUND IrSimpleFunctionPublicSymbolImpl
        $this: VALUE_PARAMETER name:<this> type:<unbound IrClassPublicSymbolImpl>
        VALUE_PARAMETER name:other index:0 type:<unbound IrClassPublicSymbolImpl>?
      FUN FAKE_OVERRIDE name:hashCode visibility:public modality:OPEN <> ($this:<unbound IrClassPublicSymbolImpl>) returnType:<unbound IrClassPublicSymbolImpl> [fake_override]
        overridden:
          UNBOUND IrSimpleFunctionPublicSymbolImpl
        $this: VALUE_PARAMETER name:<this> type:<unbound IrClassPublicSymbolImpl>
      FUN FAKE_OVERRIDE name:toString visibility:public modality:OPEN <> ($this:<unbound IrClassPublicSymbolImpl>) returnType:<unbound IrClassPublicSymbolImpl> [fake_override]
        overridden:
          UNBOUND IrSimpleFunctionPublicSymbolImpl
        $this: VALUE_PARAMETER name:<this> type:<unbound IrClassPublicSymbolImpl>
  FILE fqName:com.lhwdev.ktui.test fileName:D:/LHW/asm/app/new/com.asmx.core/ui/test/src/main/kotlin/com/lhwdev/ktui/test/Main.kt
    annotations:
      <unbound>(1 = ['UNUSED_PARAMETER', 'UNUSED_VARIABLE', 'unused'])
    PROPERTY name:aNum visibility:public modality:FINAL [val]
      FUN name:<get-aNum> visibility:public modality:FINAL <> () returnType:<unbound IrClassPublicSymbolImpl>
        correspondingProperty: PROPERTY name:aNum visibility:public modality:FINAL [val]
        BLOCK_BODY
          RETURN type=<unbound IrClassPublicSymbolImpl> from='public final fun <get-aNum> (): <unbound IrClassPublicSymbolImpl> declared in com.lhwdev.ktui.test'
            CONST Int type=<unbound IrClassPublicSymbolImpl> value=4
    PROPERTY name:a visibility:public modality:FINAL [val]
      FUN name:<get-a> visibility:public modality:FINAL <> ($receiver:<unbound IrClassPublicSymbolImpl>) returnType:<unbound IrClassPublicSymbolImpl>
        correspondingProperty: PROPERTY name:a visibility:public modality:FINAL [val]
        $receiver: VALUE_PARAMETER name:<this> type:<unbound IrClassPublicSymbolImpl>
        BLOCK_BODY
          RETURN type=<unbound IrClassPublicSymbolImpl> from='public final fun <get-a> (): <unbound IrClassPublicSymbolImpl> declared in com.lhwdev.ktui.test'
            CONST String type=<unbound IrClassPublicSymbolImpl> value=""
    CLASS ANNOTATION_CLASS name:A modality:FINAL visibility:public superTypes:[<unbound IrClassPublicSymbolImpl>]
      $this: VALUE_PARAMETER INSTANCE_RECEIVER name:<this> type:com.lhwdev.ktui.test.A
      CONSTRUCTOR visibility:public <> (ar:<unbound IrClassPublicSymbolImpl><<unbound IrClassPublicSymbolImpl>>) returnType:com.lhwdev.ktui.test.A [primary]
        VALUE_PARAMETER name:ar index:0 type:<unbound IrClassPublicSymbolImpl><<unbound IrClassPublicSymbolImpl>>
      PROPERTY name:ar visibility:public modality:FINAL [val]
        FIELD PROPERTY_BACKING_FIELD name:ar type:<unbound IrClassPublicSymbolImpl><<unbound IrClassPublicSymbolImpl>> visibility:private [final]
          EXPRESSION_BODY
            GET_VAR 'ar: <unbound IrClassPublicSymbolImpl><<unbound IrClassPublicSymbolImpl>> declared in com.lhwdev.ktui.test.A.<init>' type=<unbound IrClassPublicSymbolImpl><<unbound IrClassPublicSymbolImpl>> origin=INITIALIZE_PROPERTY_FROM_PARAMETER
        FUN DEFAULT_PROPERTY_ACCESSOR name:<get-ar> visibility:public modality:FINAL <> ($this:com.lhwdev.ktui.test.A) returnType:<unbound IrClassPublicSymbolImpl><<unbound IrClassPublicSymbolImpl>>
          correspondingProperty: PROPERTY name:ar visibility:public modality:FINAL [val]
          $this: VALUE_PARAMETER name:<this> type:com.lhwdev.ktui.test.A
          BLOCK_BODY
            RETURN type=<unbound IrClassPublicSymbolImpl> from='public final fun <get-ar> (): <unbound IrClassPublicSymbolImpl><<unbound IrClassPublicSymbolImpl>> declared in com.lhwdev.ktui.test.A'
              GET_FIELD 'FIELD PROPERTY_BACKING_FIELD name:ar type:<unbound IrClassPublicSymbolImpl><<unbound IrClassPublicSymbolImpl>> visibility:private [final]' type=<unbound IrClassPublicSymbolImpl><<unbound IrClassPublicSymbolImpl>> origin=null
                receiver: GET_VAR '<this>: com.lhwdev.ktui.test.A declared in com.lhwdev.ktui.test.A.<get-ar>' type=com.lhwdev.ktui.test.A origin=null
      FUN FAKE_OVERRIDE name:equals visibility:public modality:OPEN <> ($this:<unbound IrClassPublicSymbolImpl>, other:<unbound IrClassPublicSymbolImpl>?) returnType:<unbound IrClassPublicSymbolImpl> [fake_override,operator]
        overridden:
          UNBOUND IrSimpleFunctionPublicSymbolImpl
        $this: VALUE_PARAMETER name:<this> type:<unbound IrClassPublicSymbolImpl>
        VALUE_PARAMETER name:other index:0 type:<unbound IrClassPublicSymbolImpl>?
      FUN FAKE_OVERRIDE name:hashCode visibility:public modality:OPEN <> ($this:<unbound IrClassPublicSymbolImpl>) returnType:<unbound IrClassPublicSymbolImpl> [fake_override]
        overridden:
          UNBOUND IrSimpleFunctionPublicSymbolImpl
        $this: VALUE_PARAMETER name:<this> type:<unbound IrClassPublicSymbolImpl>
      FUN FAKE_OVERRIDE name:toString visibility:public modality:OPEN <> ($this:<unbound IrClassPublicSymbolImpl>) returnType:<unbound IrClassPublicSymbolImpl> [fake_override]
        overridden:
          UNBOUND IrSimpleFunctionPublicSymbolImpl
        $this: VALUE_PARAMETER name:<this> type:<unbound IrClassPublicSymbolImpl>
    CLASS CLASS name:Hi modality:OPEN visibility:public superTypes:[<unbound IrClassPublicSymbolImpl>]
      annotations:
        A(ar = ['a'])
      $this: VALUE_PARAMETER INSTANCE_RECEIVER name:<this> type:com.lhwdev.ktui.test.Hi<T of com.lhwdev.ktui.test.Hi>
      TYPE_PARAMETER name:T index:0 variance: superTypes:[<unbound IrClassPublicSymbolImpl>?]
      CONSTRUCTOR visibility:public <> (ho:<unbound IrClassPublicSymbolImpl>) returnType:com.lhwdev.ktui.test.Hi<T of com.lhwdev.ktui.test.Hi> [primary]
        VALUE_PARAMETER name:ho index:0 type:<unbound IrClassPublicSymbolImpl>
        BLOCK_BODY
          DELEGATING_CONSTRUCTOR_CALL 'UNBOUND IrConstructorPublicSymbolImpl'
          INSTANCE_INITIALIZER_CALL classDescriptor='CLASS CLASS name:Hi modality:OPEN visibility:public superTypes:[<unbound IrClassPublicSymbolImpl>]'
      PROPERTY name:ho visibility:public modality:FINAL [val]
        FIELD PROPERTY_BACKING_FIELD name:ho type:<unbound IrClassPublicSymbolImpl> visibility:private [final]
          EXPRESSION_BODY
            GET_VAR 'ho: <unbound IrClassPublicSymbolImpl> declared in com.lhwdev.ktui.test.Hi.<init>' type=<unbound IrClassPublicSymbolImpl> origin=INITIALIZE_PROPERTY_FROM_PARAMETER
        FUN DEFAULT_PROPERTY_ACCESSOR name:<get-ho> visibility:public modality:FINAL <> ($this:com.lhwdev.ktui.test.Hi<T of com.lhwdev.ktui.test.Hi>) returnType:<unbound IrClassPublicSymbolImpl>
          correspondingProperty: PROPERTY name:ho visibility:public modality:FINAL [val]
          $this: VALUE_PARAMETER name:<this> type:com.lhwdev.ktui.test.Hi<T of com.lhwdev.ktui.test.Hi>
          BLOCK_BODY
            RETURN type=<unbound IrClassPublicSymbolImpl> from='public final fun <get-ho> (): <unbound IrClassPublicSymbolImpl> declared in com.lhwdev.ktui.test.Hi'
              GET_FIELD 'FIELD PROPERTY_BACKING_FIELD name:ho type:<unbound IrClassPublicSymbolImpl> visibility:private [final]' type=<unbound IrClassPublicSymbolImpl> origin=null
                receiver: GET_VAR '<this>: com.lhwdev.ktui.test.Hi<T of com.lhwdev.ktui.test.Hi> declared in com.lhwdev.ktui.test.Hi.<get-ho>' type=com.lhwdev.ktui.test.Hi<T of com.lhwdev.ktui.test.Hi> origin=null
      PROPERTY name:a visibility:public modality:FINAL [val]
        FIELD PROPERTY_BACKING_FIELD name:a type:<unbound IrClassPublicSymbolImpl><T of com.lhwdev.ktui.test.Hi> visibility:private [final]
          EXPRESSION_BODY
            CALL 'UNBOUND IrSimpleFunctionPublicSymbolImpl' type=<unbound IrClassPublicSymbolImpl> origin=null
        FUN DEFAULT_PROPERTY_ACCESSOR name:<get-a> visibility:public modality:FINAL <> ($this:com.lhwdev.ktui.test.Hi<T of com.lhwdev.ktui.test.Hi>) returnType:<unbound IrClassPublicSymbolImpl><T of com.lhwdev.ktui.test.Hi>
          correspondingProperty: PROPERTY name:a visibility:public modality:FINAL [val]
          $this: VALUE_PARAMETER name:<this> type:com.lhwdev.ktui.test.Hi<T of com.lhwdev.ktui.test.Hi>
          BLOCK_BODY
            RETURN type=<unbound IrClassPublicSymbolImpl> from='public final fun <get-a> (): <unbound IrClassPublicSymbolImpl><T of com.lhwdev.ktui.test.Hi> declared in com.lhwdev.ktui.test.Hi'
              GET_FIELD 'FIELD PROPERTY_BACKING_FIELD name:a type:<unbound IrClassPublicSymbolImpl><T of com.lhwdev.ktui.test.Hi> visibility:private [final]' type=<unbound IrClassPublicSymbolImpl><T of com.lhwdev.ktui.test.Hi> origin=null
                receiver: GET_VAR '<this>: com.lhwdev.ktui.test.Hi<T of com.lhwdev.ktui.test.Hi> declared in com.lhwdev.ktui.test.Hi.<get-a>' type=com.lhwdev.ktui.test.Hi<T of com.lhwdev.ktui.test.Hi> origin=null
      FUN FAKE_OVERRIDE name:equals visibility:public modality:OPEN <> ($this:<unbound IrClassPublicSymbolImpl>, other:<unbound IrClassPublicSymbolImpl>?) returnType:<unbound IrClassPublicSymbolImpl> [fake_override,operator]
        overridden:
          UNBOUND IrSimpleFunctionPublicSymbolImpl
        $this: VALUE_PARAMETER name:<this> type:<unbound IrClassPublicSymbolImpl>
        VALUE_PARAMETER name:other index:0 type:<unbound IrClassPublicSymbolImpl>?
      FUN FAKE_OVERRIDE name:hashCode visibility:public modality:OPEN <> ($this:<unbound IrClassPublicSymbolImpl>) returnType:<unbound IrClassPublicSymbolImpl> [fake_override]
        overridden:
          UNBOUND IrSimpleFunctionPublicSymbolImpl
        $this: VALUE_PARAMETER name:<this> type:<unbound IrClassPublicSymbolImpl>
      FUN FAKE_OVERRIDE name:toString visibility:public modality:OPEN <> ($this:<unbound IrClassPublicSymbolImpl>) returnType:<unbound IrClassPublicSymbolImpl> [fake_override]
        overridden:
          UNBOUND IrSimpleFunctionPublicSymbolImpl
        $this: VALUE_PARAMETER name:<this> type:<unbound IrClassPublicSymbolImpl>
    CLASS CLASS name:C2 modality:FINAL visibility:public superTypes:[com.lhwdev.ktui.test.Hi<<unbound IrClassPublicSymbolImpl>>]
      $this: VALUE_PARAMETER INSTANCE_RECEIVER name:<this> type:com.lhwdev.ktui.test.C2
      CONSTRUCTOR visibility:public <> () returnType:com.lhwdev.ktui.test.C2 [primary]
        BLOCK_BODY
          DELEGATING_CONSTRUCTOR_CALL 'public constructor <init> (ho: <unbound IrClassPublicSymbolImpl>) [primary] declared in com.lhwdev.ktui.test.Hi'
            <T>: <unbound IrClassPublicSymbolImpl>
            ho: CONST Int type=<unbound IrClassPublicSymbolImpl> value=3
          INSTANCE_INITIALIZER_CALL classDescriptor='CLASS CLASS name:C2 modality:FINAL visibility:public superTypes:[com.lhwdev.ktui.test.Hi<<unbound IrClassPublicSymbolImpl>>]'
      CONSTRUCTOR visibility:public <> (a:<unbound IrClassPublicSymbolImpl>) returnType:com.lhwdev.ktui.test.C2
        VALUE_PARAMETER name:a index:0 type:<unbound IrClassPublicSymbolImpl>
        BLOCK_BODY
          DELEGATING_CONSTRUCTOR_CALL 'public constructor <init> () [primary] declared in com.lhwdev.ktui.test.C2'
          CALL 'UNBOUND IrSimpleFunctionPublicSymbolImpl' type=<unbound IrClassPublicSymbolImpl> origin=null
            1: GET_VAR 'a: <unbound IrClassPublicSymbolImpl> declared in com.lhwdev.ktui.test.C2.<init>' type=<unbound IrClassPublicSymbolImpl> origin=null
          VAR name:n type:<unbound IrClassPublicSymbolImpl> [val]
            CONST Byte type=<unbound IrClassPublicSymbolImpl> value=1
      ANONYMOUS_INITIALIZER isStatic=false
        BLOCK_BODY
          CALL 'UNBOUND IrSimpleFunctionPublicSymbolImpl' type=<unbound IrClassPublicSymbolImpl> origin=null
      PROPERTY FAKE_OVERRIDE name:a visibility:public modality:FINAL [fake_override,val]
        FUN FAKE_OVERRIDE name:<get-a> visibility:public modality:FINAL <> ($this:com.lhwdev.ktui.test.Hi<<unbound IrClassPublicSymbolImpl>>) returnType:<unbound IrClassPublicSymbolImpl><<unbound IrClassPublicSymbolImpl>> [fake_override]
          correspondingProperty: PROPERTY FAKE_OVERRIDE name:a visibility:public modality:FINAL [fake_override,val]
          overridden:
            public final fun <get-a> (): <unbound IrClassPublicSymbolImpl><T of com.lhwdev.ktui.test.Hi> declared in com.lhwdev.ktui.test.Hi
          $this: VALUE_PARAMETER name:<this> type:com.lhwdev.ktui.test.Hi<<unbound IrClassPublicSymbolImpl>>
      PROPERTY FAKE_OVERRIDE name:ho visibility:public modality:FINAL [fake_override,val]
        FUN FAKE_OVERRIDE name:<get-ho> visibility:public modality:FINAL <> ($this:com.lhwdev.ktui.test.Hi<<unbound IrClassPublicSymbolImpl>>) returnType:<unbound IrClassPublicSymbolImpl> [fake_override]
          correspondingProperty: PROPERTY FAKE_OVERRIDE name:ho visibility:public modality:FINAL [fake_override,val]
          overridden:
            public final fun <get-ho> (): <unbound IrClassPublicSymbolImpl> declared in com.lhwdev.ktui.test.Hi
          $this: VALUE_PARAMETER name:<this> type:com.lhwdev.ktui.test.Hi<<unbound IrClassPublicSymbolImpl>>
      FUN FAKE_OVERRIDE name:equals visibility:public modality:OPEN <> ($this:<unbound IrClassPublicSymbolImpl>, other:<unbound IrClassPublicSymbolImpl>?) returnType:<unbound IrClassPublicSymbolImpl> [fake_override,operator]
        overridden:
          public open fun equals (other: <unbound IrClassPublicSymbolImpl>?): <unbound IrClassPublicSymbolImpl> [fake_override,operator] declared in com.lhwdev.ktui.test.Hi
        $this: VALUE_PARAMETER name:<this> type:<unbound IrClassPublicSymbolImpl>
        VALUE_PARAMETER name:other index:0 type:<unbound IrClassPublicSymbolImpl>?
      FUN FAKE_OVERRIDE name:hashCode visibility:public modality:OPEN <> ($this:<unbound IrClassPublicSymbolImpl>) returnType:<unbound IrClassPublicSymbolImpl> [fake_override]
        overridden:
          public open fun hashCode (): <unbound IrClassPublicSymbolImpl> [fake_override] declared in com.lhwdev.ktui.test.Hi
        $this: VALUE_PARAMETER name:<this> type:<unbound IrClassPublicSymbolImpl>
      FUN FAKE_OVERRIDE name:toString visibility:public modality:OPEN <> ($this:<unbound IrClassPublicSymbolImpl>) returnType:<unbound IrClassPublicSymbolImpl> [fake_override]
        overridden:
          public open fun toString (): <unbound IrClassPublicSymbolImpl> [fake_override] declared in com.lhwdev.ktui.test.Hi
        $this: VALUE_PARAMETER name:<this> type:<unbound IrClassPublicSymbolImpl>
    FUN name:WidgetWithLongParameters visibility:public modality:FINAL <> (p1:<unbound IrClassPublicSymbolImpl>, p2:<unbound IrClassPublicSymbolImpl>, p3:<unbound IrClassPublicSymbolImpl>, p4:<unbound IrClassPublicSymbolImpl>, p5:<unbound IrClassPublicSymbolImpl>, p6:<unbound IrClassPublicSymbolImpl>, p7:<unbound IrClassPublicSymbolImpl>, p8:<unbound IrClassPublicSymbolImpl>, p9:<unbound IrClassPublicSymbolImpl>, p10:<unbound IrClassPublicSymbolImpl>, p11:<unbound IrClassPublicSymbolImpl>, p12:<unbound IrClassPublicSymbolImpl>, p13:<unbound IrClassPublicSymbolImpl>, p14:<unbound IrClassPublicSymbolImpl>, p15:<unbound IrClassPublicSymbolImpl>, p16:<unbound IrClassPublicSymbolImpl>, p17:<unbound IrClassPublicSymbolImpl>, p18:<unbound IrClassPublicSymbolImpl>, p19:<unbound IrClassPublicSymbolImpl>, p20:<unbound IrClassPublicSymbolImpl>, p21:<unbound IrClassPublicSymbolImpl>, p22:<unbound IrClassPublicSymbolImpl>, p23:<unbound IrClassPublicSymbolImpl>, p24:<unbound IrClassPublicSymbolImpl>, p25:<unbound IrClassPublicSymbolImpl>, p26:<unbound IrClassPublicSymbolImpl>, p27:<unbound IrClassPublicSymbolImpl>, p28:<unbound IrClassPublicSymbolImpl>, p29:<unbound IrClassPublicSymbolImpl>, p30:<unbound IrClassPublicSymbolImpl>, p31:<unbound IrClassPublicSymbolImpl>, p32:<unbound IrClassPublicSymbolImpl>, p33:<unbound IrClassPublicSymbolImpl>, p34:<unbound IrClassPublicSymbolImpl>, p35:<unbound IrClassPublicSymbolImpl>, p36:<unbound IrClassPublicSymbolImpl>, p37:<unbound IrClassPublicSymbolImpl>, p38:<unbound IrClassPublicSymbolImpl>, p39:<unbound IrClassPublicSymbolImpl>, p40:<unbound IrClassPublicSymbolImpl>, p41:<unbound IrClassPublicSymbolImpl>) returnType:<unbound IrClassPublicSymbolImpl>
      annotations:
        Widget
      VALUE_PARAMETER name:p1 index:0 type:<unbound IrClassPublicSymbolImpl>
      VALUE_PARAMETER name:p2 index:1 type:<unbound IrClassPublicSymbolImpl>
      VALUE_PARAMETER name:p3 index:2 type:<unbound IrClassPublicSymbolImpl>
      VALUE_PARAMETER name:p4 index:3 type:<unbound IrClassPublicSymbolImpl>
      VALUE_PARAMETER name:p5 index:4 type:<unbound IrClassPublicSymbolImpl>
      VALUE_PARAMETER name:p6 index:5 type:<unbound IrClassPublicSymbolImpl>
      VALUE_PARAMETER name:p7 index:6 type:<unbound IrClassPublicSymbolImpl>
      VALUE_PARAMETER name:p8 index:7 type:<unbound IrClassPublicSymbolImpl>
      VALUE_PARAMETER name:p9 index:8 type:<unbound IrClassPublicSymbolImpl>
      VALUE_PARAMETER name:p10 index:9 type:<unbound IrClassPublicSymbolImpl>
      VALUE_PARAMETER name:p11 index:10 type:<unbound IrClassPublicSymbolImpl>
      VALUE_PARAMETER name:p12 index:11 type:<unbound IrClassPublicSymbolImpl>
      VALUE_PARAMETER name:p13 index:12 type:<unbound IrClassPublicSymbolImpl>
      VALUE_PARAMETER name:p14 index:13 type:<unbound IrClassPublicSymbolImpl>
      VALUE_PARAMETER name:p15 index:14 type:<unbound IrClassPublicSymbolImpl>
      VALUE_PARAMETER name:p16 index:15 type:<unbound IrClassPublicSymbolImpl>
      VALUE_PARAMETER name:p17 index:16 type:<unbound IrClassPublicSymbolImpl>
      VALUE_PARAMETER name:p18 index:17 type:<unbound IrClassPublicSymbolImpl>
      VALUE_PARAMETER name:p19 index:18 type:<unbound IrClassPublicSymbolImpl>
      VALUE_PARAMETER name:p20 index:19 type:<unbound IrClassPublicSymbolImpl>
      VALUE_PARAMETER name:p21 index:20 type:<unbound IrClassPublicSymbolImpl>
      VALUE_PARAMETER name:p22 index:21 type:<unbound IrClassPublicSymbolImpl>
      VALUE_PARAMETER name:p23 index:22 type:<unbound IrClassPublicSymbolImpl>
      VALUE_PARAMETER name:p24 index:23 type:<unbound IrClassPublicSymbolImpl>
      VALUE_PARAMETER name:p25 index:24 type:<unbound IrClassPublicSymbolImpl>
      VALUE_PARAMETER name:p26 index:25 type:<unbound IrClassPublicSymbolImpl>
      VALUE_PARAMETER name:p27 index:26 type:<unbound IrClassPublicSymbolImpl>
      VALUE_PARAMETER name:p28 index:27 type:<unbound IrClassPublicSymbolImpl>
      VALUE_PARAMETER name:p29 index:28 type:<unbound IrClassPublicSymbolImpl>
      VALUE_PARAMETER name:p30 index:29 type:<unbound IrClassPublicSymbolImpl>
      VALUE_PARAMETER name:p31 index:30 type:<unbound IrClassPublicSymbolImpl>
      VALUE_PARAMETER name:p32 index:31 type:<unbound IrClassPublicSymbolImpl>
      VALUE_PARAMETER name:p33 index:32 type:<unbound IrClassPublicSymbolImpl>
      VALUE_PARAMETER name:p34 index:33 type:<unbound IrClassPublicSymbolImpl>
      VALUE_PARAMETER name:p35 index:34 type:<unbound IrClassPublicSymbolImpl>
      VALUE_PARAMETER name:p36 index:35 type:<unbound IrClassPublicSymbolImpl>
      VALUE_PARAMETER name:p37 index:36 type:<unbound IrClassPublicSymbolImpl>
      VALUE_PARAMETER name:p38 index:37 type:<unbound IrClassPublicSymbolImpl>
      VALUE_PARAMETER name:p39 index:38 type:<unbound IrClassPublicSymbolImpl>
      VALUE_PARAMETER name:p40 index:39 type:<unbound IrClassPublicSymbolImpl>
      VALUE_PARAMETER name:p41 index:40 type:<unbound IrClassPublicSymbolImpl>
      BLOCK_BODY
        CALL 'public final fun Text (text: <unbound IrClassPublicSymbolImpl>, size: <unbound IrClassPublicSymbolImpl>): <unbound IrClassPublicSymbolImpl> declared in com.lhwdev.ktui.test' type=<unbound IrClassPublicSymbolImpl> origin=null
          text: GET_VAR 'p41: <unbound IrClassPublicSymbolImpl> declared in com.lhwdev.ktui.test.WidgetWithLongParameters' type=<unbound IrClassPublicSymbolImpl> origin=null
          size: GET_VAR 'p5: <unbound IrClassPublicSymbolImpl> declared in com.lhwdev.ktui.test.WidgetWithLongParameters' type=<unbound IrClassPublicSymbolImpl> origin=null
    FUN name:Main visibility:public modality:FINAL <> () returnType:<unbound IrClassPublicSymbolImpl>
      annotations:
        Widget
      BLOCK_BODY
        CALL 'public final fun Text (text: <unbound IrClassPublicSymbolImpl>, size: <unbound IrClassPublicSymbolImpl>): <unbound IrClassPublicSymbolImpl> declared in com.lhwdev.ktui.test' type=<unbound IrClassPublicSymbolImpl> origin=null
          text: CONST String type=<unbound IrClassPublicSymbolImpl> value="Hello, world!"
        VAR name:a type:<unbound IrClassPublicSymbolImpl> [val]
          CALL 'public final fun nextId (): <unbound IrClassPublicSymbolImpl> declared in com.lhwdev.ktui' type=<unbound IrClassPublicSymbolImpl> origin=null
        VAR name:b type:<unbound IrClassPublicSymbolImpl> [val]
          CALL 'UNBOUND IrSimpleFunctionPublicSymbolImpl' type=<unbound IrClassPublicSymbolImpl> origin=null
            <1>: <unbound IrClassPublicSymbolImpl>
            1: FUN_EXPR type=<unbound IrClassPublicSymbolImpl><<unbound IrClassPublicSymbolImpl>> origin=LAMBDA
              FUN LOCAL_FUNCTION_FOR_LAMBDA name:<anonymous> visibility:local modality:FINAL <> () returnType:<unbound IrClassPublicSymbolImpl>
                BLOCK_BODY
                  RETURN type=<unbound IrClassPublicSymbolImpl> from='local final fun <anonymous> (): <unbound IrClassPublicSymbolImpl> declared in com.lhwdev.ktui.test.Main'
                    CONST Int type=<unbound IrClassPublicSymbolImpl> value=123
        CALL 'UNBOUND IrSimpleFunctionPublicSymbolImpl' type=<unbound IrClassPublicSymbolImpl> origin=null
          <1>: <unbound IrClassPublicSymbolImpl>
          <2>: <unbound IrClassPublicSymbolImpl>
          $receiver: CONST String type=<unbound IrClassPublicSymbolImpl> value="Hi"
          1: FUN_EXPR type=<unbound IrClassPublicSymbolImpl><<unbound IrClassPublicSymbolImpl>, <unbound IrClassPublicSymbolImpl>> origin=LAMBDA
            FUN LOCAL_FUNCTION_FOR_LAMBDA name:<anonymous> visibility:local modality:FINAL <> (it:<unbound IrClassPublicSymbolImpl>) returnType:<unbound IrClassPublicSymbolImpl>
              VALUE_PARAMETER name:it index:0 type:<unbound IrClassPublicSymbolImpl>
              BLOCK_BODY
                CALL 'public final fun Text (text: <unbound IrClassPublicSymbolImpl>, size: <unbound IrClassPublicSymbolImpl>): <unbound IrClassPublicSymbolImpl> declared in com.lhwdev.ktui.test' type=<unbound IrClassPublicSymbolImpl> origin=null
                  text: GET_VAR 'it: <unbound IrClassPublicSymbolImpl> declared in com.lhwdev.ktui.test.Main.<anonymous>' type=<unbound IrClassPublicSymbolImpl> origin=null
        VAR name:returned type:<unbound IrClassPublicSymbolImpl> [val]
          CALL 'public final fun WidgetWithReturn (): <unbound IrClassPublicSymbolImpl> declared in com.lhwdev.ktui.test' type=<unbound IrClassPublicSymbolImpl> origin=null
    FUN name:Text visibility:public modality:FINAL <> (text:<unbound IrClassPublicSymbolImpl>, size:<unbound IrClassPublicSymbolImpl>) returnType:<unbound IrClassPublicSymbolImpl>
      annotations:
        Widget
      VALUE_PARAMETER name:text index:0 type:<unbound IrClassPublicSymbolImpl>
      VALUE_PARAMETER name:size index:1 type:<unbound IrClassPublicSymbolImpl>
        EXPRESSION_BODY
          CONST Int type=<unbound IrClassPublicSymbolImpl> value=30
      BLOCK_BODY
        VAR name:id type:<unbound IrClassPublicSymbolImpl> [val]
          CALL 'public final fun nextId (): <unbound IrClassPublicSymbolImpl> declared in com.lhwdev.ktui' type=<unbound IrClassPublicSymbolImpl> origin=null
        CALL 'public final fun Text (text: <unbound IrClassPublicSymbolImpl>, size: <unbound IrClassPublicSymbolImpl>): <unbound IrClassPublicSymbolImpl> declared in com.lhwdev.ktui.test' type=<unbound IrClassPublicSymbolImpl> origin=null
          text: GET_VAR 'text: <unbound IrClassPublicSymbolImpl> declared in com.lhwdev.ktui.test.Text' type=<unbound IrClassPublicSymbolImpl> origin=null
          size: GET_VAR 'size: <unbound IrClassPublicSymbolImpl> declared in com.lhwdev.ktui.test.Text' type=<unbound IrClassPublicSymbolImpl> origin=null
        CALL 'public final fun Draw (block: @[<unbound>] <unbound IrClassPublicSymbolImpl><com.lhwdev.ktui.test.DrawScope, <unbound IrClassPublicSymbolImpl>>): <unbound IrClassPublicSymbolImpl> declared in com.lhwdev.ktui.test' type=<unbound IrClassPublicSymbolImpl> origin=null
          block: FUN_EXPR type=@[<unbound>] <unbound IrClassPublicSymbolImpl><com.lhwdev.ktui.test.DrawScope, <unbound IrClassPublicSymbolImpl>> origin=LAMBDA
            FUN LOCAL_FUNCTION_FOR_LAMBDA name:<anonymous> visibility:local modality:FINAL <> ($receiver:com.lhwdev.ktui.test.DrawScope) returnType:<unbound IrClassPublicSymbolImpl>
              $receiver: VALUE_PARAMETER name:<this> type:com.lhwdev.ktui.test.DrawScope
              BLOCK_BODY
                CALL 'UNBOUND IrSimpleFunctionPublicSymbolImpl' type=<unbound IrClassPublicSymbolImpl> origin=null
                  1: STRING_CONCATENATION type=<unbound IrClassPublicSymbolImpl>
                    CONST String type=<unbound IrClassPublicSymbolImpl> value="Text! "
                    GET_VAR 'text: <unbound IrClassPublicSymbolImpl> declared in com.lhwdev.ktui.test.Text' type=<unbound IrClassPublicSymbolImpl> origin=null
                    CONST String type=<unbound IrClassPublicSymbolImpl> value=" at "
                    GET_VAR 'size: <unbound IrClassPublicSymbolImpl> declared in com.lhwdev.ktui.test.Text' type=<unbound IrClassPublicSymbolImpl> origin=null
    FUN name:Abc visibility:public modality:FINAL <> (arg:<unbound IrClassPublicSymbolImpl>) returnType:<unbound IrClassPublicSymbolImpl>
      annotations:
        Widget
      VALUE_PARAMETER name:arg index:0 type:<unbound IrClassPublicSymbolImpl>
      BLOCK_BODY
    FUN name:WidgetWithReturn visibility:public modality:FINAL <> () returnType:<unbound IrClassPublicSymbolImpl>
      annotations:
        Widget
      BLOCK_BODY
        WHEN type=<unbound IrClassPublicSymbolImpl> origin=IF
          BRANCH
            if: CALL 'public final fun EQEQ (arg0: <unbound IrClassPublicSymbolImpl>?, arg1: <unbound IrClassPublicSymbolImpl>?): <unbound IrClassPublicSymbolImpl> declared in kotlin.internal.ir' type=<unbound IrClassPublicSymbolImpl> origin=EQEQ
              arg0: CALL 'public final fun <get-aNum> (): <unbound IrClassPublicSymbolImpl> declared in com.lhwdev.ktui.test' type=<unbound IrClassPublicSymbolImpl> origin=GET_PROPERTY
              arg1: CONST Int type=<unbound IrClassPublicSymbolImpl> value=2
            then: RETURN type=<unbound IrClassPublicSymbolImpl> from='public final fun WidgetWithReturn (): <unbound IrClassPublicSymbolImpl> declared in com.lhwdev.ktui.test'
              CONST Int type=<unbound IrClassPublicSymbolImpl> value=1
        CALL 'public final fun EmptyWidget (): <unbound IrClassPublicSymbolImpl> declared in com.lhwdev.ktui.test' type=<unbound IrClassPublicSymbolImpl> origin=null
        CALL 'public final fun Proxy (child: @[Widget] <unbound IrClassPublicSymbolImpl><<unbound IrClassPublicSymbolImpl>>): <unbound IrClassPublicSymbolImpl> declared in com.lhwdev.ktui.test' type=<unbound IrClassPublicSymbolImpl> origin=null
          child: FUN_EXPR type=<unbound IrClassPublicSymbolImpl><<unbound IrClassPublicSymbolImpl>> origin=LAMBDA
            FUN LOCAL_FUNCTION_FOR_LAMBDA name:<anonymous> visibility:local modality:FINAL <> () returnType:<unbound IrClassPublicSymbolImpl>
              BLOCK_BODY
                CALL 'public final fun Text (text: <unbound IrClassPublicSymbolImpl>, size: <unbound IrClassPublicSymbolImpl>): <unbound IrClassPublicSymbolImpl> declared in com.lhwdev.ktui.test' type=<unbound IrClassPublicSymbolImpl> origin=null
                  text: CONST String type=<unbound IrClassPublicSymbolImpl> value="Hell'o, world!"
        RETURN type=<unbound IrClassPublicSymbolImpl> from='public final fun WidgetWithReturn (): <unbound IrClassPublicSymbolImpl> declared in com.lhwdev.ktui.test'
          CONST Int type=<unbound IrClassPublicSymbolImpl> value=123
    FUN name:Proxy visibility:public modality:FINAL <> (child:@[Widget] <unbound IrClassPublicSymbolImpl><<unbound IrClassPublicSymbolImpl>>) returnType:<unbound IrClassPublicSymbolImpl>
      annotations:
        Widget
      VALUE_PARAMETER name:child index:0 type:@[Widget] <unbound IrClassPublicSymbolImpl><<unbound IrClassPublicSymbolImpl>>
      BLOCK_BODY
        CALL 'UNBOUND IrSimpleFunctionPublicSymbolImpl' type=<unbound IrClassPublicSymbolImpl> origin=INVOKE
          $this: GET_VAR 'child: @[Widget] <unbound IrClassPublicSymbolImpl><<unbound IrClassPublicSymbolImpl>> declared in com.lhwdev.ktui.test.Proxy' type=@[Widget] <unbound IrClassPublicSymbolImpl><<unbound IrClassPublicSymbolImpl>> origin=VARIABLE_AS_FUNCTION
    CLASS CLASS name:DrawScope modality:FINAL visibility:public superTypes:[<unbound IrClassPublicSymbolImpl>]
      $this: VALUE_PARAMETER INSTANCE_RECEIVER name:<this> type:com.lhwdev.ktui.test.DrawScope
      CONSTRUCTOR visibility:public <> () returnType:com.lhwdev.ktui.test.DrawScope [primary]
        BLOCK_BODY
          DELEGATING_CONSTRUCTOR_CALL 'UNBOUND IrConstructorPublicSymbolImpl'
          INSTANCE_INITIALIZER_CALL classDescriptor='CLASS CLASS name:DrawScope modality:FINAL visibility:public superTypes:[<unbound IrClassPublicSymbolImpl>]'
      FUN FAKE_OVERRIDE name:equals visibility:public modality:OPEN <> ($this:<unbound IrClassPublicSymbolImpl>, other:<unbound IrClassPublicSymbolImpl>?) returnType:<unbound IrClassPublicSymbolImpl> [fake_override,operator]
        overridden:
          UNBOUND IrSimpleFunctionPublicSymbolImpl
        $this: VALUE_PARAMETER name:<this> type:<unbound IrClassPublicSymbolImpl>
        VALUE_PARAMETER name:other index:0 type:<unbound IrClassPublicSymbolImpl>?
      FUN FAKE_OVERRIDE name:hashCode visibility:public modality:OPEN <> ($this:<unbound IrClassPublicSymbolImpl>) returnType:<unbound IrClassPublicSymbolImpl> [fake_override]
        overridden:
          UNBOUND IrSimpleFunctionPublicSymbolImpl
        $this: VALUE_PARAMETER name:<this> type:<unbound IrClassPublicSymbolImpl>
      FUN FAKE_OVERRIDE name:toString visibility:public modality:OPEN <> ($this:<unbound IrClassPublicSymbolImpl>) returnType:<unbound IrClassPublicSymbolImpl> [fake_override]
        overridden:
          UNBOUND IrSimpleFunctionPublicSymbolImpl
        $this: VALUE_PARAMETER name:<this> type:<unbound IrClassPublicSymbolImpl>
    FUN name:Draw visibility:public modality:FINAL <> (block:@[<unbound>] <unbound IrClassPublicSymbolImpl><com.lhwdev.ktui.test.DrawScope, <unbound IrClassPublicSymbolImpl>>) returnType:<unbound IrClassPublicSymbolImpl>
      annotations:
        Widget
      VALUE_PARAMETER name:block index:0 type:@[<unbound>] <unbound IrClassPublicSymbolImpl><com.lhwdev.ktui.test.DrawScope, <unbound IrClassPublicSymbolImpl>>
      BLOCK_BODY
        CALL 'public final fun EmptyWidget (): <unbound IrClassPublicSymbolImpl> declared in com.lhwdev.ktui.test' type=<unbound IrClassPublicSymbolImpl> origin=null
    FUN name:EmptyWidget visibility:public modality:FINAL <> () returnType:<unbound IrClassPublicSymbolImpl>
      annotations:
        Widget
      BLOCK_BODY
  FILE fqName:com.lhwdev.ktui.test fileName:D:/LHW/asm/app/new/com.asmx.core/ui/test/src/main/kotlin/com/lhwdev/ktui/test/inlineWidget.kt
    FUN name:rec visibility:public modality:FINAL <> () returnType:<unbound IrClassPublicSymbolImpl>
      BLOCK_BODY
        TYPE_OP type=<unbound IrClassPublicSymbolImpl> origin=IMPLICIT_COERCION_TO_UNIT typeOperand=<unbound IrClassPublicSymbolImpl>
          CALL 'UNBOUND IrSimpleFunctionPublicSymbolImpl' type=<unbound IrClassPublicSymbolImpl> origin=null
            <1>: <unbound IrClassPublicSymbolImpl>
            <2>: <unbound IrClassPublicSymbolImpl>
            $receiver: CONST Int type=<unbound IrClassPublicSymbolImpl> value=1
            1: FUN_EXPR type=@[<unbound>] <unbound IrClassPublicSymbolImpl><<unbound IrClassPublicSymbolImpl>, <unbound IrClassPublicSymbolImpl>> origin=LAMBDA
              FUN LOCAL_FUNCTION_FOR_LAMBDA name:<anonymous> visibility:local modality:FINAL <> ($receiver:<unbound IrClassPublicSymbolImpl>) returnType:<unbound IrClassPublicSymbolImpl>
                $receiver: VALUE_PARAMETER name:<this> type:<unbound IrClassPublicSymbolImpl>
                BLOCK_BODY
                  RETURN type=<unbound IrClassPublicSymbolImpl> from='local final fun <anonymous> (): <unbound IrClassPublicSymbolImpl> declared in com.lhwdev.ktui.test.rec'
                    CALL 'UNBOUND IrSimpleFunctionPublicSymbolImpl' type=<unbound IrClassPublicSymbolImpl> origin=null
                      $this: GET_VAR '<this>: <unbound IrClassPublicSymbolImpl> declared in com.lhwdev.ktui.test.rec.<anonymous>' type=<unbound IrClassPublicSymbolImpl> origin=null
                      1: CONST Int type=<unbound IrClassPublicSymbolImpl> value=0
    FUN name:hi22 visibility:public modality:FINAL <> () returnType:<unbound IrClassPublicSymbolImpl>
      BLOCK_BODY
        BLOCK type=<unbound IrClassPublicSymbolImpl> origin=FOR_LOOP
          VAR FOR_LOOP_ITERATOR name:tmp0_iterator type:<unbound IrClassPublicSymbolImpl> [val]
            CALL 'UNBOUND IrSimpleFunctionPublicSymbolImpl' type=<unbound IrClassPublicSymbolImpl> origin=FOR_LOOP_ITERATOR
              $this: CALL 'UNBOUND IrSimpleFunctionPublicSymbolImpl' type=<unbound IrClassPublicSymbolImpl> origin=RANGE
                $this: CONST Int type=<unbound IrClassPublicSymbolImpl> value=0
                1: CONST Int type=<unbound IrClassPublicSymbolImpl> value=5
          WHILE label=a origin=FOR_LOOP_INNER_WHILE
            condition: CALL 'UNBOUND IrSimpleFunctionPublicSymbolImpl' type=<unbound IrClassPublicSymbolImpl> origin=FOR_LOOP_HAS_NEXT
              $this: GET_VAR 'val tmp0_iterator: <unbound IrClassPublicSymbolImpl> [val] declared in com.lhwdev.ktui.test.hi22' type=<unbound IrClassPublicSymbolImpl> origin=null
            body: BLOCK type=<unbound IrClassPublicSymbolImpl> origin=FOR_LOOP_INNER_WHILE
              VAR FOR_LOOP_VARIABLE name:i type:<unbound IrClassPublicSymbolImpl> [val]
                CALL 'UNBOUND IrSimpleFunctionPublicSymbolImpl' type=<unbound IrClassPublicSymbolImpl> origin=FOR_LOOP_NEXT
                  $this: GET_VAR 'val tmp0_iterator: <unbound IrClassPublicSymbolImpl> [val] declared in com.lhwdev.ktui.test.hi22' type=<unbound IrClassPublicSymbolImpl> origin=null
              BLOCK type=<unbound IrClassPublicSymbolImpl> origin=null
                BLOCK type=<unbound IrClassPublicSymbolImpl> origin=FOR_LOOP
                  VAR FOR_LOOP_ITERATOR name:tmp1_iterator type:<unbound IrClassPublicSymbolImpl> [val]
                    CALL 'UNBOUND IrSimpleFunctionPublicSymbolImpl' type=<unbound IrClassPublicSymbolImpl> origin=FOR_LOOP_ITERATOR
                      $this: CALL 'UNBOUND IrSimpleFunctionPublicSymbolImpl' type=<unbound IrClassPublicSymbolImpl> origin=RANGE
                        $this: CONST Int type=<unbound IrClassPublicSymbolImpl> value=0
                        1: CONST Int type=<unbound IrClassPublicSymbolImpl> value=1
                  WHILE label=null origin=FOR_LOOP_INNER_WHILE
                    condition: CALL 'UNBOUND IrSimpleFunctionPublicSymbolImpl' type=<unbound IrClassPublicSymbolImpl> origin=FOR_LOOP_HAS_NEXT
                      $this: GET_VAR 'val tmp1_iterator: <unbound IrClassPublicSymbolImpl> [val] declared in com.lhwdev.ktui.test.hi22' type=<unbound IrClassPublicSymbolImpl> origin=null
                    body: BLOCK type=<unbound IrClassPublicSymbolImpl> origin=FOR_LOOP_INNER_WHILE
                      VAR FOR_LOOP_VARIABLE name:ii type:<unbound IrClassPublicSymbolImpl> [val]
                        CALL 'UNBOUND IrSimpleFunctionPublicSymbolImpl' type=<unbound IrClassPublicSymbolImpl> origin=FOR_LOOP_NEXT
                          $this: GET_VAR 'val tmp1_iterator: <unbound IrClassPublicSymbolImpl> [val] declared in com.lhwdev.ktui.test.hi22' type=<unbound IrClassPublicSymbolImpl> origin=null
                      BLOCK type=<unbound IrClassPublicSymbolImpl> origin=null
                        BREAK label=a loop.label=a
        VAR name:list type:<unbound IrClassPublicSymbolImpl><<unbound IrClassPublicSymbolImpl>> [val]
          CALL 'UNBOUND IrSimpleFunctionPublicSymbolImpl' type=<unbound IrClassPublicSymbolImpl><<unbound IrClassPublicSymbolImpl>> origin=null
            <1>: <unbound IrClassPublicSymbolImpl>
            1: VARARG type=<unbound IrClassPublicSymbolImpl><out <unbound IrClassPublicSymbolImpl>> varargElementType=<unbound IrClassPublicSymbolImpl>
              CONST String type=<unbound IrClassPublicSymbolImpl> value="a"
              CONST String type=<unbound IrClassPublicSymbolImpl> value="b"
        BLOCK type=<unbound IrClassPublicSymbolImpl> origin=FOR_LOOP
          VAR FOR_LOOP_ITERATOR name:tmp2_iterator type:<unbound IrClassPublicSymbolImpl><<unbound IrClassPublicSymbolImpl><<unbound IrClassPublicSymbolImpl>>> [val]
            CALL 'UNBOUND IrSimpleFunctionPublicSymbolImpl' type=<unbound IrClassPublicSymbolImpl><<unbound IrClassPublicSymbolImpl><<unbound IrClassPublicSymbolImpl>>> origin=FOR_LOOP_ITERATOR
              $this: CALL 'UNBOUND IrSimpleFunctionPublicSymbolImpl' type=<unbound IrClassPublicSymbolImpl><<unbound IrClassPublicSymbolImpl><<unbound IrClassPublicSymbolImpl>>> origin=null
                <1>: <unbound IrClassPublicSymbolImpl>
                $receiver: GET_VAR 'val list: <unbound IrClassPublicSymbolImpl><<unbound IrClassPublicSymbolImpl>> [val] declared in com.lhwdev.ktui.test.hi22' type=<unbound IrClassPublicSymbolImpl><<unbound IrClassPublicSymbolImpl>> origin=null
          WHILE label=null origin=FOR_LOOP_INNER_WHILE
            condition: CALL 'UNBOUND IrSimpleFunctionPublicSymbolImpl' type=<unbound IrClassPublicSymbolImpl> origin=FOR_LOOP_HAS_NEXT
              $this: GET_VAR 'val tmp2_iterator: <unbound IrClassPublicSymbolImpl><<unbound IrClassPublicSymbolImpl><<unbound IrClassPublicSymbolImpl>>> [val] declared in com.lhwdev.ktui.test.hi22' type=<unbound IrClassPublicSymbolImpl><<unbound IrClassPublicSymbolImpl><<unbound IrClassPublicSymbolImpl>>> origin=null
            body: BLOCK type=<unbound IrClassPublicSymbolImpl> origin=FOR_LOOP_INNER_WHILE
              VAR IR_TEMPORARY_VARIABLE name:tmp3_loop_parameter type:<unbound IrClassPublicSymbolImpl><<unbound IrClassPublicSymbolImpl>> [val]
                CALL 'UNBOUND IrSimpleFunctionPublicSymbolImpl' type=<unbound IrClassPublicSymbolImpl><<unbound IrClassPublicSymbolImpl>> origin=FOR_LOOP_NEXT
                  $this: GET_VAR 'val tmp2_iterator: <unbound IrClassPublicSymbolImpl><<unbound IrClassPublicSymbolImpl><<unbound IrClassPublicSymbolImpl>>> [val] declared in com.lhwdev.ktui.test.hi22' type=<unbound IrClassPublicSymbolImpl><<unbound IrClassPublicSymbolImpl><<unbound IrClassPublicSymbolImpl>>> origin=null
              VAR name:i type:<unbound IrClassPublicSymbolImpl> [val]
                CALL 'UNBOUND IrSimpleFunctionPublicSymbolImpl' type=<unbound IrClassPublicSymbolImpl> origin=COMPONENT_N(index=1)
                  $this: GET_VAR 'val tmp3_loop_parameter: <unbound IrClassPublicSymbolImpl><<unbound IrClassPublicSymbolImpl>> [val] declared in com.lhwdev.ktui.test.hi22' type=<unbound IrClassPublicSymbolImpl><<unbound IrClassPublicSymbolImpl>> origin=null
              VAR name:n type:<unbound IrClassPublicSymbolImpl> [val]
                CALL 'UNBOUND IrSimpleFunctionPublicSymbolImpl' type=<unbound IrClassPublicSymbolImpl> origin=COMPONENT_N(index=2)
                  $this: GET_VAR 'val tmp3_loop_parameter: <unbound IrClassPublicSymbolImpl><<unbound IrClassPublicSymbolImpl>> [val] declared in com.lhwdev.ktui.test.hi22' type=<unbound IrClassPublicSymbolImpl><<unbound IrClassPublicSymbolImpl>> origin=null
              BLOCK type=<unbound IrClassPublicSymbolImpl> origin=null
                CALL 'UNBOUND IrSimpleFunctionPublicSymbolImpl' type=<unbound IrClassPublicSymbolImpl> origin=null
                  1: STRING_CONCATENATION type=<unbound IrClassPublicSymbolImpl>
                    GET_VAR 'val i: <unbound IrClassPublicSymbolImpl> [val] declared in com.lhwdev.ktui.test.hi22' type=<unbound IrClassPublicSymbolImpl> origin=null
                    CONST String type=<unbound IrClassPublicSymbolImpl> value=" to "
                    GET_VAR 'val n: <unbound IrClassPublicSymbolImpl> [val] declared in com.lhwdev.ktui.test.hi22' type=<unbound IrClassPublicSymbolImpl> origin=null
    FUN name:MyInlineWidget visibility:public modality:FINAL <> (arg:<unbound IrClassPublicSymbolImpl>) returnType:<unbound IrClassPublicSymbolImpl>
      annotations:
        Widget
        InlineWidget
      VALUE_PARAMETER name:arg index:0 type:<unbound IrClassPublicSymbolImpl>
      BLOCK_BODY
        CALL 'UNBOUND IrSimpleFunctionPublicSymbolImpl' type=<unbound IrClassPublicSymbolImpl> origin=null
          1: GET_VAR 'arg: <unbound IrClassPublicSymbolImpl> declared in com.lhwdev.ktui.test.MyInlineWidget' type=<unbound IrClassPublicSymbolImpl> origin=null
    FUN name:CallInlineWidget visibility:public modality:FINAL <> () returnType:<unbound IrClassPublicSymbolImpl>
      annotations:
        Widget
      BLOCK_BODY
        CALL 'public final fun MyInlineWidget (arg: <unbound IrClassPublicSymbolImpl>): <unbound IrClassPublicSymbolImpl> declared in com.lhwdev.ktui.test' type=<unbound IrClassPublicSymbolImpl> origin=null
          arg: CONST Int type=<unbound IrClassPublicSymbolImpl> value=123
        CALL 'public final fun InlineProxy (child: @[Widget] <unbound IrClassPublicSymbolImpl><<unbound IrClassPublicSymbolImpl>>): <unbound IrClassPublicSymbolImpl> declared in com.lhwdev.ktui.test' type=<unbound IrClassPublicSymbolImpl> origin=null
          child: FUN_EXPR type=<unbound IrClassPublicSymbolImpl><<unbound IrClassPublicSymbolImpl>> origin=LAMBDA
            FUN LOCAL_FUNCTION_FOR_LAMBDA name:<anonymous> visibility:local modality:FINAL <> () returnType:<unbound IrClassPublicSymbolImpl>
              BLOCK_BODY
                CALL 'public final fun Text (text: <unbound IrClassPublicSymbolImpl>, size: <unbound IrClassPublicSymbolImpl>): <unbound IrClassPublicSymbolImpl> declared in com.lhwdev.ktui.test' type=<unbound IrClassPublicSymbolImpl> origin=null
                  text: CONST String type=<unbound IrClassPublicSymbolImpl> value="Hi"
    FUN name:InlineProxy visibility:public modality:FINAL <> (child:@[Widget] <unbound IrClassPublicSymbolImpl><<unbound IrClassPublicSymbolImpl>>) returnType:<unbound IrClassPublicSymbolImpl>
      annotations:
        Widget
        InlineWidget
      VALUE_PARAMETER name:child index:0 type:@[Widget] <unbound IrClassPublicSymbolImpl><<unbound IrClassPublicSymbolImpl>>
      BLOCK_BODY
        CALL 'UNBOUND IrSimpleFunctionPublicSymbolImpl' type=<unbound IrClassPublicSymbolImpl> origin=INVOKE
          $this: GET_VAR 'child: @[Widget] <unbound IrClassPublicSymbolImpl><<unbound IrClassPublicSymbolImpl>> declared in com.lhwdev.ktui.test.InlineProxy' type=@[Widget] <unbound IrClassPublicSymbolImpl><<unbound IrClassPublicSymbolImpl>> origin=VARIABLE_AS_FUNCTION
    FUN name:hoi visibility:public modality:FINAL <> () returnType:<unbound IrClassPublicSymbolImpl>
      BLOCK_BODY
        VAR name:a type:<unbound IrClassPublicSymbolImpl> [val]
          CONST Int type=<unbound IrClassPublicSymbolImpl> value=3
        BLOCK type=<unbound IrClassPublicSymbolImpl> origin=WHEN
          VAR IR_TEMPORARY_VARIABLE name:tmp0_subject type:<unbound IrClassPublicSymbolImpl> [val]
            GET_VAR 'val a: <unbound IrClassPublicSymbolImpl> [val] declared in com.lhwdev.ktui.test.hoi' type=<unbound IrClassPublicSymbolImpl> origin=null
          WHEN type=<unbound IrClassPublicSymbolImpl> origin=WHEN
            BRANCH
              if: CALL 'public final fun EQEQ (arg0: <unbound IrClassPublicSymbolImpl>?, arg1: <unbound IrClassPublicSymbolImpl>?): <unbound IrClassPublicSymbolImpl> declared in kotlin.internal.ir' type=<unbound IrClassPublicSymbolImpl> origin=EQEQ
                arg0: GET_VAR 'val tmp0_subject: <unbound IrClassPublicSymbolImpl> [val] declared in com.lhwdev.ktui.test.hoi' type=<unbound IrClassPublicSymbolImpl> origin=null
                arg1: CONST Int type=<unbound IrClassPublicSymbolImpl> value=1
              then: GET_OBJECT 'UNBOUND IrClassPublicSymbolImpl' type=<unbound IrClassPublicSymbolImpl>
            BRANCH
              if: CALL 'public final fun EQEQ (arg0: <unbound IrClassPublicSymbolImpl>?, arg1: <unbound IrClassPublicSymbolImpl>?): <unbound IrClassPublicSymbolImpl> declared in kotlin.internal.ir' type=<unbound IrClassPublicSymbolImpl> origin=EQEQ
                arg0: GET_VAR 'val tmp0_subject: <unbound IrClassPublicSymbolImpl> [val] declared in com.lhwdev.ktui.test.hoi' type=<unbound IrClassPublicSymbolImpl> origin=null
                arg1: CONST Int type=<unbound IrClassPublicSymbolImpl> value=2
              then: GET_OBJECT 'UNBOUND IrClassPublicSymbolImpl' type=<unbound IrClassPublicSymbolImpl>
        BLOCK type=<unbound IrClassPublicSymbolImpl> origin=WHEN
          VAR name:a type:<unbound IrClassPublicSymbolImpl> [val]
            CALL 'UNBOUND IrSimpleFunctionPublicSymbolImpl' type=<unbound IrClassPublicSymbolImpl> origin=null
              1: FUN_EXPR type=<unbound IrClassPublicSymbolImpl><<unbound IrClassPublicSymbolImpl>> origin=LAMBDA
                FUN LOCAL_FUNCTION_FOR_LAMBDA name:<anonymous> visibility:local modality:FINAL <> () returnType:<unbound IrClassPublicSymbolImpl>
                  BLOCK_BODY
                    RETURN type=<unbound IrClassPublicSymbolImpl> from='local final fun <anonymous> (): <unbound IrClassPublicSymbolImpl> declared in com.lhwdev.ktui.test.hoi'
                      GET_OBJECT 'UNBOUND IrClassPublicSymbolImpl' type=<unbound IrClassPublicSymbolImpl>
          WHEN type=<unbound IrClassPublicSymbolImpl> origin=WHEN
            BRANCH
              if: WHEN type=<unbound IrClassPublicSymbolImpl> origin=WHEN_COMMA
                BRANCH
                  if: WHEN type=<unbound IrClassPublicSymbolImpl> origin=WHEN_COMMA
                    BRANCH
                      if: CALL 'public final fun EQEQ (arg0: <unbound IrClassPublicSymbolImpl>?, arg1: <unbound IrClassPublicSymbolImpl>?): <unbound IrClassPublicSymbolImpl> declared in kotlin.internal.ir' type=<unbound IrClassPublicSymbolImpl> origin=EQEQ
                        arg0: GET_VAR 'val a: <unbound IrClassPublicSymbolImpl> [val] declared in com.lhwdev.ktui.test.hoi' type=<unbound IrClassPublicSymbolImpl> origin=null
                        arg1: CONST Long type=<unbound IrClassPublicSymbolImpl> value=1
                      then: CONST Boolean type=<unbound IrClassPublicSymbolImpl> value=true
                    BRANCH
                      if: CONST Boolean type=<unbound IrClassPublicSymbolImpl> value=true
                      then: CALL 'public final fun EQEQ (arg0: <unbound IrClassPublicSymbolImpl>?, arg1: <unbound IrClassPublicSymbolImpl>?): <unbound IrClassPublicSymbolImpl> declared in kotlin.internal.ir' type=<unbound IrClassPublicSymbolImpl> origin=EQEQ
                        arg0: GET_VAR 'val a: <unbound IrClassPublicSymbolImpl> [val] declared in com.lhwdev.ktui.test.hoi' type=<unbound IrClassPublicSymbolImpl> origin=null
                        arg1: CONST Long type=<unbound IrClassPublicSymbolImpl> value=2
                  then: CONST Boolean type=<unbound IrClassPublicSymbolImpl> value=true
                BRANCH
                  if: CONST Boolean type=<unbound IrClassPublicSymbolImpl> value=true
                  then: CALL 'public final fun EQEQ (arg0: <unbound IrClassPublicSymbolImpl>?, arg1: <unbound IrClassPublicSymbolImpl>?): <unbound IrClassPublicSymbolImpl> declared in kotlin.internal.ir' type=<unbound IrClassPublicSymbolImpl> origin=EQEQ
                    arg0: GET_VAR 'val a: <unbound IrClassPublicSymbolImpl> [val] declared in com.lhwdev.ktui.test.hoi' type=<unbound IrClassPublicSymbolImpl> origin=null
                    arg1: CONST Long type=<unbound IrClassPublicSymbolImpl> value=3
              then: GET_OBJECT 'UNBOUND IrClassPublicSymbolImpl' type=<unbound IrClassPublicSymbolImpl>

DEFINED
DEFINED
DEFINED
DEFINED
DEFINED
FOR_LOOP_ITERATOR
FOR_LOOP_VARIABLE
FOR_LOOP_ITERATOR
FOR_LOOP_VARIABLE
DEFINED
FOR_LOOP_ITERATOR
IR_TEMPORARY_VARIABLE
DEFINED
DEFINED
DEFINED
IR_TEMPORARY_VARIABLE
DEFINED
?[0;93m[KT] Parameter 'idState' is never used?[0m
>> at D:\LHW\asm\app\new\com.asmx.core\ui\test\src\main\kotlin\com\lhwdev\ktui\BuildScope.kt (6:12)
?[0;93m[KT] Parameter 'attrs' is never used?[0m
>> at D:\LHW\asm\app\new\com.asmx.core\ui\test\src\main\kotlin\com\lhwdev\ktui\BuildScope.kt (6:27)
?[0;93m[KT] Parameter 'keyIndex' is never used?[0m
>> at D:\LHW\asm\app\new\com.asmx.core\ui\test\src\main\kotlin\com\lhwdev\ktui\BuildScope.kt (6:47)
?[0;93m[KT] Parameter 'id' is never used?[0m
>> at D:\LHW\asm\app\new\com.asmx.core\ui\test\src\main\kotlin\com\lhwdev\ktui\BuildScope.kt (16:16)
?[0;93m[KT] Name shadowed: a?[0m
>> at D:\LHW\asm\app\new\com.asmx.core\ui\test\src\main\kotlin\com\lhwdev\ktui\test\inlineWidget.kt (103:11)
?[0;93m[KT] Variable 'a' is never used?[0m
>> at D:\LHW\asm\app\new\com.asmx.core\ui\test\src\main\kotlin\com\lhwdev\ktui\test\inlineWidget.kt (103:11)
]]></system-out>
  <system-err><![CDATA[]]></system-err>
</testsuite>
